[1.165s] Invoking command in '/home/min/a/khochwal/ece569-fall2025/Lab3/ws3/src/metafly_description': PYTHONPATH=/home/min/a/khochwal/ece569-fall2025/Lab3/ws3/build/metafly_description/prefix_override:/usr/lib/python3/dist-packages/colcon_core/task/python/colcon_distutils_commands:/home/min/a/khochwal/ece569-fall2025/Lab3/ws3/install/lib/python3.10/site-packages:${PYTHONPATH} /usr/bin/python3 -W ignore:setup.py install is deprecated -W ignore:easy_install command is deprecated setup.py egg_info --egg-base ../../build/metafly_description build --build-base /home/min/a/khochwal/ece569-fall2025/Lab3/ws3/build/metafly_description/build install --record /home/min/a/khochwal/ece569-fall2025/Lab3/ws3/build/metafly_description/install.log --single-version-externally-managed install_data
[1.460s] running egg_info
[1.460s] creating ../../build/metafly_description/metafly_description.egg-info
[1.461s] writing ../../build/metafly_description/metafly_description.egg-info/PKG-INFO
[1.463s] writing dependency_links to ../../build/metafly_description/metafly_description.egg-info/dependency_links.txt
[1.465s] writing requirements to ../../build/metafly_description/metafly_description.egg-info/requires.txt
[1.466s] writing top-level names to ../../build/metafly_description/metafly_description.egg-info/top_level.txt
[1.468s] writing manifest file '../../build/metafly_description/metafly_description.egg-info/SOURCES.txt'
[1.471s] reading manifest file '../../build/metafly_description/metafly_description.egg-info/SOURCES.txt'
[1.473s] writing manifest file '../../build/metafly_description/metafly_description.egg-info/SOURCES.txt'
[1.473s] running build
[1.473s] running build_py
[1.474s] creating /home/min/a/khochwal/ece569-fall2025/Lab3/ws3/build/metafly_description/build
[1.474s] creating /home/min/a/khochwal/ece569-fall2025/Lab3/ws3/build/metafly_description/build/lib
[1.474s] creating /home/min/a/khochwal/ece569-fall2025/Lab3/ws3/build/metafly_description/build/lib/metafly_description
[1.476s] copying metafly_description/__init__.py -> /home/min/a/khochwal/ece569-fall2025/Lab3/ws3/build/metafly_description/build/lib/metafly_description
[1.478s] running install
[1.479s] running install_lib
[1.480s] creating /home/min/a/khochwal/ece569-fall2025/Lab3/ws3/install/lib/python3.10/site-packages/metafly_description
[1.481s] copying /home/min/a/khochwal/ece569-fall2025/Lab3/ws3/build/metafly_description/build/lib/metafly_description/__init__.py -> /home/min/a/khochwal/ece569-fall2025/Lab3/ws3/install/lib/python3.10/site-packages/metafly_description
[1.484s] byte-compiling /home/min/a/khochwal/ece569-fall2025/Lab3/ws3/install/lib/python3.10/site-packages/metafly_description/__init__.py to __init__.cpython-310.pyc
[1.485s] running install_data
[1.487s] copying resource/metafly_description -> /home/min/a/khochwal/ece569-fall2025/Lab3/ws3/install/share/ament_index/resource_index/packages
[1.494s] copying package.xml -> /home/min/a/khochwal/ece569-fall2025/Lab3/ws3/install/share/metafly_description
[1.495s] creating /home/min/a/khochwal/ece569-fall2025/Lab3/ws3/install/share/metafly_description/launch
[1.497s] copying launch/view_metafly.launch.py -> /home/min/a/khochwal/ece569-fall2025/Lab3/ws3/install/share/metafly_description/launch
[1.499s] creating /home/min/a/khochwal/ece569-fall2025/Lab3/ws3/install/share/metafly_description/urdf
[1.502s] copying urdf/materials.xacro -> /home/min/a/khochwal/ece569-fall2025/Lab3/ws3/install/share/metafly_description/urdf
[1.505s] copying urdf/metafly.urdf.xacro -> /home/min/a/khochwal/ece569-fall2025/Lab3/ws3/install/share/metafly_description/urdf
[1.508s] copying urdf/metafly_macro.xacro -> /home/min/a/khochwal/ece569-fall2025/Lab3/ws3/install/share/metafly_description/urdf
[1.511s] running install_egg_info
[1.514s] Copying ../../build/metafly_description/metafly_description.egg-info to /home/min/a/khochwal/ece569-fall2025/Lab3/ws3/install/lib/python3.10/site-packages/metafly_description-0.0.1-py3.10.egg-info
[1.531s] running install_scripts
[1.553s] writing list of installed files to '/home/min/a/khochwal/ece569-fall2025/Lab3/ws3/build/metafly_description/install.log'
[1.627s] Invoked command in '/home/min/a/khochwal/ece569-fall2025/Lab3/ws3/src/metafly_description' returned '0': PYTHONPATH=/home/min/a/khochwal/ece569-fall2025/Lab3/ws3/build/metafly_description/prefix_override:/usr/lib/python3/dist-packages/colcon_core/task/python/colcon_distutils_commands:/home/min/a/khochwal/ece569-fall2025/Lab3/ws3/install/lib/python3.10/site-packages:${PYTHONPATH} /usr/bin/python3 -W ignore:setup.py install is deprecated -W ignore:easy_install command is deprecated setup.py egg_info --egg-base ../../build/metafly_description build --build-base /home/min/a/khochwal/ece569-fall2025/Lab3/ws3/build/metafly_description/build install --record /home/min/a/khochwal/ece569-fall2025/Lab3/ws3/build/metafly_description/install.log --single-version-externally-managed install_data
