[0.000000] (-) TimerEvent: {}
[0.000207] (metafly_description) JobQueued: {'identifier': 'metafly_description', 'dependencies': OrderedDict()}
[0.000240] (metafly_tf_pub) JobQueued: {'identifier': 'metafly_tf_pub', 'dependencies': OrderedDict()}
[0.000261] (metafly_description) JobStarted: {'identifier': 'metafly_description'}
[0.022917] (metafly_tf_pub) JobStarted: {'identifier': 'metafly_tf_pub'}
[0.099257] (-) TimerEvent: {}
[0.199436] (-) TimerEvent: {}
[0.299596] (-) TimerEvent: {}
[0.399771] (-) TimerEvent: {}
[0.499995] (-) TimerEvent: {}
[0.600168] (-) TimerEvent: {}
[0.700376] (-) TimerEvent: {}
[0.800529] (-) TimerEvent: {}
[0.900683] (-) TimerEvent: {}
[1.000903] (-) TimerEvent: {}
[1.101135] (-) TimerEvent: {}
[1.133616] (metafly_tf_pub) Command: {'cmd': ['/usr/bin/python3', '-W', 'ignore:setup.py install is deprecated', '-W', 'ignore:easy_install command is deprecated', 'setup.py', 'egg_info', '--egg-base', '../../build/metafly_tf_pub', 'build', '--build-base', '/home/min/a/khochwal/ece569-fall2025/Lab3/ws3/build/metafly_tf_pub/build', 'install', '--record', '/home/min/a/khochwal/ece569-fall2025/Lab3/ws3/build/metafly_tf_pub/install.log', '--single-version-externally-managed', 'install_data'], 'cwd': '/home/min/a/khochwal/ece569-fall2025/Lab3/ws3/src/metafly_tf_pub', 'env': {'MODULEPATH_PACKAGE': '/package/modulefiles/ecn', 'PROFILEHOME': '', 'LMOD_DIR': '/usr/share/lmod/lmod/libexec', 'MAIL': '/var/spool/mail/khochwal', 'LANGUAGE': '', 'USER': 'khochwal', 'LMOD_PACKAGE_PATH': '/etc/lmod', 'LMOD_COLORIZE': 'yes', 'SSH_AGENT_PID': '3941526', 'XDG_SESSION_TYPE': 'x11', 'LMOD_PKG': '/usr/share/lmod/lmod', 'TLPROFILE': 'xfce', 'KONSOLE_VERSION': '211203', 'SHLVL': '1', 'LD_LIBRARY_PATH': '/opt/ros/humble/opt/rviz_ogre_vendor/lib:/opt/ros/humble/lib/x86_64-linux-gnu:/opt/ros/humble/lib:/opt/thinlinc/lib64:/opt/thinlinc/lib', 'HOME': '/home/min/a/khochwal', 'OLDPWD': '/home/min/a/khochwal/ece569-fall2025/Lab3/ws3/src/metafly_tf_pub', 'D_DISABLE_RT_SCREEN_SCALE': '1', 'DESKTOP_SESSION': 'xfce', 'ROS_PYTHON_VERSION': '3', 'SHELL_SESSION_ID': '6d48158dea9247f2957dab785bdfcd3e', 'KONSOLE_DBUS_SESSION': '/Sessions/3', 'LC_CTYPE': 'C.UTF-8', 'PCSCTUN_SERVER': '127.0.0.1:5226', 'DBUS_SESSION_BUS_ADDRESS': 'unix:path=/run/user/897419/bus', 'COLORTERM': 'truecolor', 'LMOD_sys': 'Linux', 'KONSOLE_DBUS_WINDOW': '/Windows/1', 'COLCON_PREFIX_PATH': '/home/min/a/khochwal/ece569-fall2025/Lab3/ws3/install:/home/min/a/khochwal/ece569-fall2025/Lab2/ws2/install:/home/min/a/khochwal/ece569-fall2025/Lab2/ws2/src/ur3e_on_table/install:/home/min/a/khochwal/ece569-fall2025/Lab2/ws2/src/table_description/install:/home/min/a/khochwal/ece569-fall2025/Lab3_clean/install', 'ROS_DISTRO': 'humble', 'LOGNAME': 'khochwal', 'LMOD_AVAIL_STYLE': 'system:<grouped>', 'WINDOWID': '56623111', 'LMOD_VERSION': '6.6', 'SUMO_HOME': '/usr/share/sumo', 'PULSE_SERVER': '127.0.0.1:5225', 'TLPREFIX': '/opt/thinlinc', '_': '/bin/colcon', 'ROS_VERSION': '2', 'XDG_SESSION_CLASS': 'user', 'COLORFGBG': '15;0', 'USERNAME': 'khochwal', 'TERM': 'xterm-256color', 'XDG_SESSION_ID': '2139', 'ROS_LOCALHOST_ONLY': '0', 'PATH': '/home/min/a/khochwal/ece569-fall2025/Lab3/ws3/install/metafly_tf_pub/bin:/opt/ros/humble/bin:/usr/NX/bin:/usr/local/bin:/bin:/usr/bin:/usr/local/sbin:/usr/sbin:/sbin:/usr/opt/bin:/usr/site/ece/bin:/opt/thinlinc/bin:/snap/bin:/home/min/a/khochwal/.dotnet/tools:.:/opt/thinlinc/sbin', 'SESSION_MANAGER': 'local/eceprog2.ecn.purdue.edu:@/tmp/.ICE-unix/3941456,unix/eceprog2.ecn.purdue.edu:/tmp/.ICE-unix/3941456', 'PCSCTUN_COOKIE': '/var/opt/thinlinc/sessions/khochwal/32/pcsctun-cookie', 'LMOD_PREPEND_BLOCK': 'normal', 'LMOD_FULL_SETTARG_SUPPORT': 'no', 'QT_SCALE_FACTOR_ROUNDING_POLICY': 'PassThrough', 'XDG_MENU_PREFIX': 'xfce-', 'XDG_RUNTIME_DIR': '/run/user/897419', 'DISPLAY': ':32.0', 'XDG_CURRENT_DESKTOP': 'XFCE', 'DOTNET_BUNDLE_EXTRACT_BASE_DIR': '/home/min/a/khochwal/.cache/dotnet_bundle_extract', 'XDG_SESSION_DESKTOP': 'xfce', 'XAUTHORITY': '/var/opt/thinlinc/sessions/khochwal/32/Xauthority', 'SSH_AUTH_SOCK': '/tmp/ssh-XXXXXXfaLSif/agent.3941525', 'ROS_DOMAIN_ID': '22', 'PULSE_COOKIE': '/var/opt/thinlinc/sessions/khochwal/32/pulse-cookie', 'AMENT_PREFIX_PATH': '/home/min/a/khochwal/ece569-fall2025/Lab3/ws3/install/metafly_tf_pub:/home/min/a/khochwal/ece569-fall2025/Lab3/ws3/install/metafly_description:/home/min/a/khochwal/ece569-fall2025/Lab3_clean/install/metafly_description:/home/min/a/khochwal/ece569-fall2025/Lab2/ws2/install/ur_description:/home/min/a/khochwal/ece569-fall2025/Lab2/ws2/install/ur3e_on_table:/home/min/a/khochwal/ece569-fall2025/Lab2/ws2/install/table_description:/home/min/a/khochwal/ece569-fall2025/Lab2/ws2/install/rrbot_description:/home/min/a/khochwal/ece569-fall2025/Lab2/ws2/src/ur3e_on_table/install/ur3e_on_table:/home/min/a/khochwal/ece569-fall2025/Lab2/ws2/src/table_description/install/table_description:/opt/ros/humble', 'SHELL': '/bin/bash', 'KRB5CCNAME': '/var/opt/thinlinc/sessions/khochwal/32/krb5cc', 'MODULEPATH_ROOT': '/usr/modulefiles', 'MODULEPATH_LOCAL': '/etc/modulefiles', 'ROS_WS': '/home/min/a/khochwal/ece569-fall2025/Lab3_clean', 'LMOD_CMD': '/usr/share/lmod/lmod/libexec/lmod', 'KONSOLE_DBUS_SERVICE': ':1.777', 'BASH_ENV': '/usr/share/lmod/lmod/init/bash', 'PWD': '/home/min/a/khochwal/ece569-fall2025/Lab3/ws3/build/metafly_tf_pub', 'TLSESSIONDATA': '/var/opt/thinlinc/sessions/khochwal/32', 'XDG_CONFIG_DIRS': '/etc/xdg', 'TOWN': 'Springfield', 'XDG_DATA_DIRS': '/usr/share/gnome:/usr/local/share:/usr/share:/var/lib/snapd/desktop:/usr/share', 'PYTHONPATH': '/home/min/a/khochwal/ece569-fall2025/Lab3/ws3/build/metafly_tf_pub/prefix_override:/usr/lib/python3/dist-packages/colcon_core/task/python/colcon_distutils_commands:/home/min/a/khochwal/ece569-fall2025/Lab3/ws3/install/lib/python3.10/site-packages:/home/min/a/khochwal/ece569-fall2025/Lab3/ws3/install/metafly_tf_pub/lib/python3.10/site-packages:/home/min/a/khochwal/ece569-fall2025/Lab3/ws3/install/metafly_description/lib/python3.10/site-packages:/home/min/a/khochwal/ece569-fall2025/Lab2/ws2/build/ur3e_on_table:/home/min/a/khochwal/ece569-fall2025/Lab2/ws2/install/ur3e_on_table/lib/python3.10/site-packages:/home/min/a/khochwal/ece569-fall2025/Lab2/ws2/install/table_description/lib/python3.10/site-packages:/home/min/a/khochwal/ece569-fall2025/Lab2/ws2/build/rrbot_description:/home/min/a/khochwal/ece569-fall2025/Lab2/ws2/install/rrbot_description/lib/python3.10/site-packages:/home/min/a/khochwal/ece569-fall2025/Lab2/ws2/src/ur3e_on_table/build/ur3e_on_table:/home/min/a/khochwal/ece569-fall2025/Lab2/ws2/src/ur3e_on_table/install/ur3e_on_table/lib/python3.10/site-packages:/home/min/a/khochwal/ece569-fall2025/Lab2/ws2/src/table_description/install/table_description/lib/python3.10/site-packages:/opt/ros/humble/lib/python3.10/site-packages:/opt/ros/humble/local/lib/python3.10/dist-packages', 'LMOD_arch': 'x86_64', 'COLCON': '1', 'MANPATH': '/usr/share/lmod/lmod/share/man:::/opt/thinlinc/share/man', 'MODULEPATH': '/etc/lmod/modules:/usr/share/lmod/lmod/modulefiles/:/etc/modulefiles/pkg:/package/modulefiles/ecn/common:/package/modulefiles/ecn/ubuntu', 'MODULESHOME': '/usr/share/lmod/lmod', 'CMAKE_PREFIX_PATH': '/home/min/a/khochwal/ece569-fall2025/Lab3_clean/install/metafly_description:/home/min/a/khochwal/ece569-fall2025/Lab2/ws2/install/ur_description', 'LMOD_SETTARG_CMD': ':'}, 'shell': False}
[1.150530] (metafly_description) Command: {'cmd': ['/usr/bin/python3', '-W', 'ignore:setup.py install is deprecated', '-W', 'ignore:easy_install command is deprecated', 'setup.py', 'egg_info', '--egg-base', '../../build/metafly_description', 'build', '--build-base', '/home/min/a/khochwal/ece569-fall2025/Lab3/ws3/build/metafly_description/build', 'install', '--record', '/home/min/a/khochwal/ece569-fall2025/Lab3/ws3/build/metafly_description/install.log', '--single-version-externally-managed', 'install_data'], 'cwd': '/home/min/a/khochwal/ece569-fall2025/Lab3/ws3/src/metafly_description', 'env': {'MODULEPATH_PACKAGE': '/package/modulefiles/ecn', 'PROFILEHOME': '', 'LMOD_DIR': '/usr/share/lmod/lmod/libexec', 'MAIL': '/var/spool/mail/khochwal', 'LANGUAGE': '', 'USER': 'khochwal', 'LMOD_PACKAGE_PATH': '/etc/lmod', 'LMOD_COLORIZE': 'yes', 'SSH_AGENT_PID': '3941526', 'XDG_SESSION_TYPE': 'x11', 'LMOD_PKG': '/usr/share/lmod/lmod', 'TLPROFILE': 'xfce', 'KONSOLE_VERSION': '211203', 'SHLVL': '1', 'LD_LIBRARY_PATH': '/opt/ros/humble/opt/rviz_ogre_vendor/lib:/opt/ros/humble/lib/x86_64-linux-gnu:/opt/ros/humble/lib:/opt/thinlinc/lib64:/opt/thinlinc/lib', 'HOME': '/home/min/a/khochwal', 'OLDPWD': '/home/min/a/khochwal/ece569-fall2025/Lab3/ws3/src/metafly_tf_pub', 'D_DISABLE_RT_SCREEN_SCALE': '1', 'DESKTOP_SESSION': 'xfce', 'ROS_PYTHON_VERSION': '3', 'SHELL_SESSION_ID': '6d48158dea9247f2957dab785bdfcd3e', 'KONSOLE_DBUS_SESSION': '/Sessions/3', 'LC_CTYPE': 'C.UTF-8', 'PCSCTUN_SERVER': '127.0.0.1:5226', 'DBUS_SESSION_BUS_ADDRESS': 'unix:path=/run/user/897419/bus', 'COLORTERM': 'truecolor', 'LMOD_sys': 'Linux', 'KONSOLE_DBUS_WINDOW': '/Windows/1', 'COLCON_PREFIX_PATH': '/home/min/a/khochwal/ece569-fall2025/Lab3/ws3/install:/home/min/a/khochwal/ece569-fall2025/Lab2/ws2/install:/home/min/a/khochwal/ece569-fall2025/Lab2/ws2/src/ur3e_on_table/install:/home/min/a/khochwal/ece569-fall2025/Lab2/ws2/src/table_description/install:/home/min/a/khochwal/ece569-fall2025/Lab3_clean/install', 'ROS_DISTRO': 'humble', 'LOGNAME': 'khochwal', 'LMOD_AVAIL_STYLE': 'system:<grouped>', 'WINDOWID': '56623111', 'LMOD_VERSION': '6.6', 'SUMO_HOME': '/usr/share/sumo', 'PULSE_SERVER': '127.0.0.1:5225', 'TLPREFIX': '/opt/thinlinc', '_': '/bin/colcon', 'ROS_VERSION': '2', 'XDG_SESSION_CLASS': 'user', 'COLORFGBG': '15;0', 'USERNAME': 'khochwal', 'TERM': 'xterm-256color', 'XDG_SESSION_ID': '2139', 'ROS_LOCALHOST_ONLY': '0', 'PATH': '/home/min/a/khochwal/ece569-fall2025/Lab3/ws3/install/metafly_tf_pub/bin:/opt/ros/humble/bin:/usr/NX/bin:/usr/local/bin:/bin:/usr/bin:/usr/local/sbin:/usr/sbin:/sbin:/usr/opt/bin:/usr/site/ece/bin:/opt/thinlinc/bin:/snap/bin:/home/min/a/khochwal/.dotnet/tools:.:/opt/thinlinc/sbin', 'SESSION_MANAGER': 'local/eceprog2.ecn.purdue.edu:@/tmp/.ICE-unix/3941456,unix/eceprog2.ecn.purdue.edu:/tmp/.ICE-unix/3941456', 'PCSCTUN_COOKIE': '/var/opt/thinlinc/sessions/khochwal/32/pcsctun-cookie', 'LMOD_PREPEND_BLOCK': 'normal', 'LMOD_FULL_SETTARG_SUPPORT': 'no', 'QT_SCALE_FACTOR_ROUNDING_POLICY': 'PassThrough', 'XDG_MENU_PREFIX': 'xfce-', 'XDG_RUNTIME_DIR': '/run/user/897419', 'DISPLAY': ':32.0', 'XDG_CURRENT_DESKTOP': 'XFCE', 'DOTNET_BUNDLE_EXTRACT_BASE_DIR': '/home/min/a/khochwal/.cache/dotnet_bundle_extract', 'XDG_SESSION_DESKTOP': 'xfce', 'XAUTHORITY': '/var/opt/thinlinc/sessions/khochwal/32/Xauthority', 'SSH_AUTH_SOCK': '/tmp/ssh-XXXXXXfaLSif/agent.3941525', 'ROS_DOMAIN_ID': '22', 'PULSE_COOKIE': '/var/opt/thinlinc/sessions/khochwal/32/pulse-cookie', 'AMENT_PREFIX_PATH': '/home/min/a/khochwal/ece569-fall2025/Lab3/ws3/install/metafly_tf_pub:/home/min/a/khochwal/ece569-fall2025/Lab3/ws3/install/metafly_description:/home/min/a/khochwal/ece569-fall2025/Lab3_clean/install/metafly_description:/home/min/a/khochwal/ece569-fall2025/Lab2/ws2/install/ur_description:/home/min/a/khochwal/ece569-fall2025/Lab2/ws2/install/ur3e_on_table:/home/min/a/khochwal/ece569-fall2025/Lab2/ws2/install/table_description:/home/min/a/khochwal/ece569-fall2025/Lab2/ws2/install/rrbot_description:/home/min/a/khochwal/ece569-fall2025/Lab2/ws2/src/ur3e_on_table/install/ur3e_on_table:/home/min/a/khochwal/ece569-fall2025/Lab2/ws2/src/table_description/install/table_description:/opt/ros/humble', 'SHELL': '/bin/bash', 'KRB5CCNAME': '/var/opt/thinlinc/sessions/khochwal/32/krb5cc', 'MODULEPATH_ROOT': '/usr/modulefiles', 'MODULEPATH_LOCAL': '/etc/modulefiles', 'ROS_WS': '/home/min/a/khochwal/ece569-fall2025/Lab3_clean', 'LMOD_CMD': '/usr/share/lmod/lmod/libexec/lmod', 'KONSOLE_DBUS_SERVICE': ':1.777', 'BASH_ENV': '/usr/share/lmod/lmod/init/bash', 'PWD': '/home/min/a/khochwal/ece569-fall2025/Lab3/ws3/build/metafly_description', 'TLSESSIONDATA': '/var/opt/thinlinc/sessions/khochwal/32', 'XDG_CONFIG_DIRS': '/etc/xdg', 'TOWN': 'Springfield', 'XDG_DATA_DIRS': '/usr/share/gnome:/usr/local/share:/usr/share:/var/lib/snapd/desktop:/usr/share', 'PYTHONPATH': '/home/min/a/khochwal/ece569-fall2025/Lab3/ws3/build/metafly_description/prefix_override:/usr/lib/python3/dist-packages/colcon_core/task/python/colcon_distutils_commands:/home/min/a/khochwal/ece569-fall2025/Lab3/ws3/install/lib/python3.10/site-packages:/home/min/a/khochwal/ece569-fall2025/Lab3/ws3/install/metafly_tf_pub/lib/python3.10/site-packages:/home/min/a/khochwal/ece569-fall2025/Lab3/ws3/install/metafly_description/lib/python3.10/site-packages:/home/min/a/khochwal/ece569-fall2025/Lab2/ws2/build/ur3e_on_table:/home/min/a/khochwal/ece569-fall2025/Lab2/ws2/install/ur3e_on_table/lib/python3.10/site-packages:/home/min/a/khochwal/ece569-fall2025/Lab2/ws2/install/table_description/lib/python3.10/site-packages:/home/min/a/khochwal/ece569-fall2025/Lab2/ws2/build/rrbot_description:/home/min/a/khochwal/ece569-fall2025/Lab2/ws2/install/rrbot_description/lib/python3.10/site-packages:/home/min/a/khochwal/ece569-fall2025/Lab2/ws2/src/ur3e_on_table/build/ur3e_on_table:/home/min/a/khochwal/ece569-fall2025/Lab2/ws2/src/ur3e_on_table/install/ur3e_on_table/lib/python3.10/site-packages:/home/min/a/khochwal/ece569-fall2025/Lab2/ws2/src/table_description/install/table_description/lib/python3.10/site-packages:/opt/ros/humble/lib/python3.10/site-packages:/opt/ros/humble/local/lib/python3.10/dist-packages', 'LMOD_arch': 'x86_64', 'COLCON': '1', 'MANPATH': '/usr/share/lmod/lmod/share/man:::/opt/thinlinc/share/man', 'MODULEPATH': '/etc/lmod/modules:/usr/share/lmod/lmod/modulefiles/:/etc/modulefiles/pkg:/package/modulefiles/ecn/common:/package/modulefiles/ecn/ubuntu', 'MODULESHOME': '/usr/share/lmod/lmod', 'CMAKE_PREFIX_PATH': '/home/min/a/khochwal/ece569-fall2025/Lab3_clean/install/metafly_description:/home/min/a/khochwal/ece569-fall2025/Lab2/ws2/install/ur_description', 'LMOD_SETTARG_CMD': ':'}, 'shell': False}
[1.201213] (-) TimerEvent: {}
[1.301415] (-) TimerEvent: {}
[1.401597] (-) TimerEvent: {}
[1.437091] (metafly_tf_pub) StdoutLine: {'line': b'running egg_info\n'}
[1.437678] (metafly_tf_pub) StdoutLine: {'line': b'creating ../../build/metafly_tf_pub/metafly_tf_pub.egg-info\n'}
[1.438965] (metafly_tf_pub) StdoutLine: {'line': b'writing ../../build/metafly_tf_pub/metafly_tf_pub.egg-info/PKG-INFO\n'}
[1.442232] (metafly_tf_pub) StdoutLine: {'line': b'writing dependency_links to ../../build/metafly_tf_pub/metafly_tf_pub.egg-info/dependency_links.txt\n'}
[1.444318] (metafly_tf_pub) StdoutLine: {'line': b'writing entry points to ../../build/metafly_tf_pub/metafly_tf_pub.egg-info/entry_points.txt\n'}
[1.446233] (metafly_tf_pub) StdoutLine: {'line': b'writing requirements to ../../build/metafly_tf_pub/metafly_tf_pub.egg-info/requires.txt\n'}
[1.448200] (metafly_tf_pub) StdoutLine: {'line': b'writing top-level names to ../../build/metafly_tf_pub/metafly_tf_pub.egg-info/top_level.txt\n'}
[1.451784] (metafly_tf_pub) StdoutLine: {'line': b"writing manifest file '../../build/metafly_tf_pub/metafly_tf_pub.egg-info/SOURCES.txt'\n"}
[1.455288] (metafly_tf_pub) StdoutLine: {'line': b"reading manifest file '../../build/metafly_tf_pub/metafly_tf_pub.egg-info/SOURCES.txt'\n"}
[1.456652] (metafly_tf_pub) StdoutLine: {'line': b"writing manifest file '../../build/metafly_tf_pub/metafly_tf_pub.egg-info/SOURCES.txt'\n"}
[1.458394] (metafly_tf_pub) StdoutLine: {'line': b'running build\n'}
[1.458461] (metafly_tf_pub) StdoutLine: {'line': b'running build_py\n'}
[1.458759] (metafly_tf_pub) StdoutLine: {'line': b'creating /home/min/a/khochwal/ece569-fall2025/Lab3/ws3/build/metafly_tf_pub/build\n'}
[1.459081] (metafly_tf_pub) StdoutLine: {'line': b'creating /home/min/a/khochwal/ece569-fall2025/Lab3/ws3/build/metafly_tf_pub/build/lib\n'}
[1.460102] (metafly_description) StdoutLine: {'line': b'running egg_info\n'}
[1.460705] (metafly_description) StdoutLine: {'line': b'creating ../../build/metafly_description/metafly_description.egg-info\n'}
[1.461173] (metafly_tf_pub) StdoutLine: {'line': b'creating /home/min/a/khochwal/ece569-fall2025/Lab3/ws3/build/metafly_tf_pub/build/lib/metafly_tf_pub\n'}
[1.461271] (metafly_description) StdoutLine: {'line': b'writing ../../build/metafly_description/metafly_description.egg-info/PKG-INFO\n'}
[1.462071] (metafly_tf_pub) StdoutLine: {'line': b'copying metafly_tf_pub/metafly_tf_pub.py -> /home/min/a/khochwal/ece569-fall2025/Lab3/ws3/build/metafly_tf_pub/build/lib/metafly_tf_pub\n'}
[1.463219] (metafly_description) StdoutLine: {'line': b'writing dependency_links to ../../build/metafly_description/metafly_description.egg-info/dependency_links.txt\n'}
[1.463490] (metafly_tf_pub) StdoutLine: {'line': b'copying metafly_tf_pub/__init__.py -> /home/min/a/khochwal/ece569-fall2025/Lab3/ws3/build/metafly_tf_pub/build/lib/metafly_tf_pub\n'}
[1.465074] (metafly_description) StdoutLine: {'line': b'writing requirements to ../../build/metafly_description/metafly_description.egg-info/requires.txt\n'}
[1.465744] (metafly_description) StdoutLine: {'line': b'writing top-level names to ../../build/metafly_description/metafly_description.egg-info/top_level.txt\n'}
[1.466322] (metafly_tf_pub) StdoutLine: {'line': b'running install\n'}
[1.466551] (metafly_tf_pub) StdoutLine: {'line': b'running install_lib\n'}
[1.467941] (metafly_tf_pub) StdoutLine: {'line': b'creating /home/min/a/khochwal/ece569-fall2025/Lab3/ws3/install/lib/python3.10/site-packages/metafly_tf_pub\n'}
[1.468274] (metafly_description) StdoutLine: {'line': b"writing manifest file '../../build/metafly_description/metafly_description.egg-info/SOURCES.txt'\n"}
[1.468492] (metafly_tf_pub) StdoutLine: {'line': b'copying /home/min/a/khochwal/ece569-fall2025/Lab3/ws3/build/metafly_tf_pub/build/lib/metafly_tf_pub/metafly_tf_pub.py -> /home/min/a/khochwal/ece569-fall2025/Lab3/ws3/install/lib/python3.10/site-packages/metafly_tf_pub\n'}
[1.469853] (metafly_tf_pub) StdoutLine: {'line': b'copying /home/min/a/khochwal/ece569-fall2025/Lab3/ws3/build/metafly_tf_pub/build/lib/metafly_tf_pub/__init__.py -> /home/min/a/khochwal/ece569-fall2025/Lab3/ws3/install/lib/python3.10/site-packages/metafly_tf_pub\n'}
[1.471568] (metafly_description) StdoutLine: {'line': b"reading manifest file '../../build/metafly_description/metafly_description.egg-info/SOURCES.txt'\n"}
[1.472117] (metafly_tf_pub) StdoutLine: {'line': b'byte-compiling /home/min/a/khochwal/ece569-fall2025/Lab3/ws3/install/lib/python3.10/site-packages/metafly_tf_pub/metafly_tf_pub.py to metafly_tf_pub.cpython-310.pyc\n'}
[1.472961] (metafly_description) StdoutLine: {'line': b"writing manifest file '../../build/metafly_description/metafly_description.egg-info/SOURCES.txt'\n"}
[1.473625] (metafly_description) StdoutLine: {'line': b'running build\n'}
[1.473681] (metafly_description) StdoutLine: {'line': b'running build_py\n'}
[1.474000] (metafly_description) StdoutLine: {'line': b'creating /home/min/a/khochwal/ece569-fall2025/Lab3/ws3/build/metafly_description/build\n'}
[1.474260] (metafly_description) StdoutLine: {'line': b'creating /home/min/a/khochwal/ece569-fall2025/Lab3/ws3/build/metafly_description/build/lib\n'}
[1.474663] (metafly_description) StdoutLine: {'line': b'creating /home/min/a/khochwal/ece569-fall2025/Lab3/ws3/build/metafly_description/build/lib/metafly_description\n'}
[1.475893] (metafly_description) StdoutLine: {'line': b'copying metafly_description/__init__.py -> /home/min/a/khochwal/ece569-fall2025/Lab3/ws3/build/metafly_description/build/lib/metafly_description\n'}
[1.476960] (metafly_tf_pub) StdoutLine: {'line': b'byte-compiling /home/min/a/khochwal/ece569-fall2025/Lab3/ws3/install/lib/python3.10/site-packages/metafly_tf_pub/__init__.py to __init__.cpython-310.pyc\n'}
[1.478603] (metafly_description) StdoutLine: {'line': b'running install\n'}
[1.478832] (metafly_description) StdoutLine: {'line': b'running install_lib\n'}
[1.480265] (metafly_description) StdoutLine: {'line': b'creating /home/min/a/khochwal/ece569-fall2025/Lab3/ws3/install/lib/python3.10/site-packages/metafly_description\n'}
[1.480400] (metafly_tf_pub) StdoutLine: {'line': b'running install_data\n'}
[1.480479] (metafly_tf_pub) StdoutLine: {'line': b'creating /home/min/a/khochwal/ece569-fall2025/Lab3/ws3/install/share/ament_index\n'}
[1.480688] (metafly_tf_pub) StdoutLine: {'line': b'creating /home/min/a/khochwal/ece569-fall2025/Lab3/ws3/install/share/ament_index/resource_index\n'}
[1.481073] (metafly_description) StdoutLine: {'line': b'copying /home/min/a/khochwal/ece569-fall2025/Lab3/ws3/build/metafly_description/build/lib/metafly_description/__init__.py -> /home/min/a/khochwal/ece569-fall2025/Lab3/ws3/install/lib/python3.10/site-packages/metafly_description\n'}
[1.481199] (metafly_tf_pub) StdoutLine: {'line': b'creating /home/min/a/khochwal/ece569-fall2025/Lab3/ws3/install/share/ament_index/resource_index/packages\n'}
[1.483746] (metafly_description) StdoutLine: {'line': b'byte-compiling /home/min/a/khochwal/ece569-fall2025/Lab3/ws3/install/lib/python3.10/site-packages/metafly_description/__init__.py to __init__.cpython-310.pyc\n'}
[1.485572] (metafly_description) StdoutLine: {'line': b'running install_data\n'}
[1.487457] (metafly_description) StdoutLine: {'line': b'copying resource/metafly_description -> /home/min/a/khochwal/ece569-fall2025/Lab3/ws3/install/share/ament_index/resource_index/packages\n'}
[1.487570] (metafly_tf_pub) StdoutLine: {'line': b'copying resource/metafly_tf_pub -> /home/min/a/khochwal/ece569-fall2025/Lab3/ws3/install/share/ament_index/resource_index/packages\n'}
[1.493819] (metafly_description) StdoutLine: {'line': b'copying package.xml -> /home/min/a/khochwal/ece569-fall2025/Lab3/ws3/install/share/metafly_description\n'}
[1.494984] (metafly_description) StdoutLine: {'line': b'creating /home/min/a/khochwal/ece569-fall2025/Lab3/ws3/install/share/metafly_description/launch\n'}
[1.496577] (metafly_description) StdoutLine: {'line': b'copying launch/view_metafly.launch.py -> /home/min/a/khochwal/ece569-fall2025/Lab3/ws3/install/share/metafly_description/launch\n'}
[1.499153] (metafly_description) StdoutLine: {'line': b'creating /home/min/a/khochwal/ece569-fall2025/Lab3/ws3/install/share/metafly_description/urdf\n'}
[1.500991] (metafly_tf_pub) StdoutLine: {'line': b'creating /home/min/a/khochwal/ece569-fall2025/Lab3/ws3/install/share/metafly_tf_pub\n'}
[1.501672] (-) TimerEvent: {}
[1.501873] (metafly_description) StdoutLine: {'line': b'copying urdf/materials.xacro -> /home/min/a/khochwal/ece569-fall2025/Lab3/ws3/install/share/metafly_description/urdf\n'}
[1.502381] (metafly_tf_pub) StdoutLine: {'line': b'copying package.xml -> /home/min/a/khochwal/ece569-fall2025/Lab3/ws3/install/share/metafly_tf_pub\n'}
[1.504467] (metafly_tf_pub) StdoutLine: {'line': b'copying resource/mocap_data.csv -> /home/min/a/khochwal/ece569-fall2025/Lab3/ws3/install/share/metafly_tf_pub\n'}
[1.504909] (metafly_description) StdoutLine: {'line': b'copying urdf/metafly.urdf.xacro -> /home/min/a/khochwal/ece569-fall2025/Lab3/ws3/install/share/metafly_description/urdf\n'}
[1.507048] (metafly_tf_pub) StdoutLine: {'line': b'running install_egg_info\n'}
[1.507966] (metafly_description) StdoutLine: {'line': b'copying urdf/metafly_macro.xacro -> /home/min/a/khochwal/ece569-fall2025/Lab3/ws3/install/share/metafly_description/urdf\n'}
[1.509196] (metafly_tf_pub) StdoutLine: {'line': b'Copying ../../build/metafly_tf_pub/metafly_tf_pub.egg-info to /home/min/a/khochwal/ece569-fall2025/Lab3/ws3/install/lib/python3.10/site-packages/metafly_tf_pub-0.0.0-py3.10.egg-info\n'}
[1.510804] (metafly_description) StdoutLine: {'line': b'running install_egg_info\n'}
[1.514456] (metafly_description) StdoutLine: {'line': b'Copying ../../build/metafly_description/metafly_description.egg-info to /home/min/a/khochwal/ece569-fall2025/Lab3/ws3/install/lib/python3.10/site-packages/metafly_description-0.0.1-py3.10.egg-info\n'}
[1.522075] (metafly_tf_pub) StdoutLine: {'line': b'running install_scripts\n'}
[1.531669] (metafly_description) StdoutLine: {'line': b'running install_scripts\n'}
[1.541369] (metafly_tf_pub) StdoutLine: {'line': b'Installing metafly_tf_pub script to /home/min/a/khochwal/ece569-fall2025/Lab3/ws3/install/bin\n'}
[1.544914] (metafly_tf_pub) StdoutLine: {'line': b"writing list of installed files to '/home/min/a/khochwal/ece569-fall2025/Lab3/ws3/build/metafly_tf_pub/install.log'\n"}
[1.553434] (metafly_description) StdoutLine: {'line': b"writing list of installed files to '/home/min/a/khochwal/ece569-fall2025/Lab3/ws3/build/metafly_description/install.log'\n"}
[1.566206] (metafly_tf_pub) CommandEnded: {'returncode': 0}
[1.601834] (-) TimerEvent: {}
[1.621774] (metafly_tf_pub) JobEnded: {'identifier': 'metafly_tf_pub', 'rc': 0}
[1.627300] (metafly_description) CommandEnded: {'returncode': 0}
[1.649411] (metafly_description) JobEnded: {'identifier': 'metafly_description', 'rc': 0}
[1.658537] (-) EventReactorShutdown: {}
