[0.111s] DEBUG:colcon:Command line arguments: ['/bin/colcon', 'build', '--merge-install']
[0.111s] DEBUG:colcon:Parsed command line arguments: Namespace(log_base=None, log_level=None, verb_name='build', build_base='build', install_base='install', merge_install=True, symlink_install=False, test_result_base=None, continue_on_error=False, executor='parallel', parallel_workers=128, event_handlers=None, ignore_user_meta=False, metas=['./colcon.meta'], base_paths=['.'], packages_ignore=None, packages_ignore_regex=None, paths=None, packages_up_to=None, packages_up_to_regex=None, packages_above=None, packages_above_and_dependencies=None, packages_above_depth=None, packages_select_by_dep=None, packages_skip_by_dep=None, packages_skip_up_to=None, packages_select_build_failed=False, packages_skip_build_finished=False, packages_select_test_failures=False, packages_skip_test_passed=False, packages_select=None, packages_skip=None, packages_select_regex=None, packages_skip_regex=None, packages_start=None, packages_end=None, allow_overriding=[], cmake_args=None, cmake_target=None, cmake_target_skip_unavailable=False, cmake_clean_cache=False, cmake_clean_first=False, cmake_force_configure=False, ament_cmake_args=None, catkin_cmake_args=None, catkin_skip_building_tests=False, verb_parser=<colcon_defaults.argument_parser.defaults.DefaultArgumentsDecorator object at 0x7f4f8976d600>, verb_extension=<colcon_core.verb.build.BuildVerb object at 0x7f4f8976d0f0>, main=<bound method BuildVerb.main of <colcon_core.verb.build.BuildVerb object at 0x7f4f8976d0f0>>)
[0.346s] Level 1:colcon.colcon_core.package_discovery:discover_packages(colcon_meta) check parameters
[0.346s] Level 1:colcon.colcon_core.package_discovery:discover_packages(recursive) check parameters
[0.346s] Level 1:colcon.colcon_core.package_discovery:discover_packages(ignore) check parameters
[0.346s] Level 1:colcon.colcon_core.package_discovery:discover_packages(path) check parameters
[0.346s] Level 1:colcon.colcon_core.package_discovery:discover_packages(colcon_meta) discover
[0.346s] Level 1:colcon.colcon_core.package_discovery:discover_packages(recursive) discover
[0.346s] INFO:colcon.colcon_core.package_discovery:Crawling recursively for packages in '/home/min/a/khochwal/ece569-fall2025/Lab3/ws3'
[0.347s] Level 1:colcon.colcon_core.package_identification:_identify(.) by extensions ['ignore', 'ignore_ament_install']
[0.347s] Level 1:colcon.colcon_core.package_identification:_identify(.) by extension 'ignore'
[0.347s] Level 1:colcon.colcon_core.package_identification:_identify(.) by extension 'ignore_ament_install'
[0.347s] Level 1:colcon.colcon_core.package_identification:_identify(.) by extensions ['colcon_pkg']
[0.347s] Level 1:colcon.colcon_core.package_identification:_identify(.) by extension 'colcon_pkg'
[0.347s] Level 1:colcon.colcon_core.package_identification:_identify(.) by extensions ['colcon_meta']
[0.347s] Level 1:colcon.colcon_core.package_identification:_identify(.) by extension 'colcon_meta'
[0.347s] Level 1:colcon.colcon_core.package_identification:_identify(.) by extensions ['ros']
[0.347s] Level 1:colcon.colcon_core.package_identification:_identify(.) by extension 'ros'
[0.364s] Level 1:colcon.colcon_core.package_identification:_identify(.) by extensions ['cmake', 'python']
[0.364s] Level 1:colcon.colcon_core.package_identification:_identify(.) by extension 'cmake'
[0.364s] Level 1:colcon.colcon_core.package_identification:_identify(.) by extension 'python'
[0.364s] Level 1:colcon.colcon_core.package_identification:_identify(.) by extensions ['python_setup_py']
[0.364s] Level 1:colcon.colcon_core.package_identification:_identify(.) by extension 'python_setup_py'
[0.365s] Level 1:colcon.colcon_core.package_identification:_identify(build) by extensions ['ignore', 'ignore_ament_install']
[0.365s] Level 1:colcon.colcon_core.package_identification:_identify(build) by extension 'ignore'
[0.365s] Level 1:colcon.colcon_core.package_identification:_identify(build) ignored
[0.366s] Level 1:colcon.colcon_core.package_identification:_identify(install) by extensions ['ignore', 'ignore_ament_install']
[0.366s] Level 1:colcon.colcon_core.package_identification:_identify(install) by extension 'ignore'
[0.366s] Level 1:colcon.colcon_core.package_identification:_identify(install) ignored
[0.366s] Level 1:colcon.colcon_core.package_identification:_identify(log) by extensions ['ignore', 'ignore_ament_install']
[0.366s] Level 1:colcon.colcon_core.package_identification:_identify(log) by extension 'ignore'
[0.366s] Level 1:colcon.colcon_core.package_identification:_identify(log) ignored
[0.366s] Level 1:colcon.colcon_core.package_identification:_identify(src) by extensions ['ignore', 'ignore_ament_install']
[0.367s] Level 1:colcon.colcon_core.package_identification:_identify(src) by extension 'ignore'
[0.367s] Level 1:colcon.colcon_core.package_identification:_identify(src) by extension 'ignore_ament_install'
[0.367s] Level 1:colcon.colcon_core.package_identification:_identify(src) by extensions ['colcon_pkg']
[0.367s] Level 1:colcon.colcon_core.package_identification:_identify(src) by extension 'colcon_pkg'
[0.367s] Level 1:colcon.colcon_core.package_identification:_identify(src) by extensions ['colcon_meta']
[0.367s] Level 1:colcon.colcon_core.package_identification:_identify(src) by extension 'colcon_meta'
[0.367s] Level 1:colcon.colcon_core.package_identification:_identify(src) by extensions ['ros']
[0.367s] Level 1:colcon.colcon_core.package_identification:_identify(src) by extension 'ros'
[0.367s] Level 1:colcon.colcon_core.package_identification:_identify(src) by extensions ['cmake', 'python']
[0.367s] Level 1:colcon.colcon_core.package_identification:_identify(src) by extension 'cmake'
[0.367s] Level 1:colcon.colcon_core.package_identification:_identify(src) by extension 'python'
[0.367s] Level 1:colcon.colcon_core.package_identification:_identify(src) by extensions ['python_setup_py']
[0.367s] Level 1:colcon.colcon_core.package_identification:_identify(src) by extension 'python_setup_py'
[0.367s] Level 1:colcon.colcon_core.package_identification:_identify(src/metafly_description) by extensions ['ignore', 'ignore_ament_install']
[0.367s] Level 1:colcon.colcon_core.package_identification:_identify(src/metafly_description) by extension 'ignore'
[0.367s] Level 1:colcon.colcon_core.package_identification:_identify(src/metafly_description) by extension 'ignore_ament_install'
[0.367s] Level 1:colcon.colcon_core.package_identification:_identify(src/metafly_description) by extensions ['colcon_pkg']
[0.367s] Level 1:colcon.colcon_core.package_identification:_identify(src/metafly_description) by extension 'colcon_pkg'
[0.367s] Level 1:colcon.colcon_core.package_identification:_identify(src/metafly_description) by extensions ['colcon_meta']
[0.367s] Level 1:colcon.colcon_core.package_identification:_identify(src/metafly_description) by extension 'colcon_meta'
[0.368s] Level 1:colcon.colcon_core.package_identification:_identify(src/metafly_description) by extensions ['ros']
[0.368s] Level 1:colcon.colcon_core.package_identification:_identify(src/metafly_description) by extension 'ros'
[0.370s] DEBUG:colcon.colcon_core.package_identification:Package 'src/metafly_description' with type 'ros.ament_python' and name 'metafly_description'
[0.370s] Level 1:colcon.colcon_core.package_identification:_identify(src/metafly_tf_pub) by extensions ['ignore', 'ignore_ament_install']
[0.370s] Level 1:colcon.colcon_core.package_identification:_identify(src/metafly_tf_pub) by extension 'ignore'
[0.370s] Level 1:colcon.colcon_core.package_identification:_identify(src/metafly_tf_pub) by extension 'ignore_ament_install'
[0.370s] Level 1:colcon.colcon_core.package_identification:_identify(src/metafly_tf_pub) by extensions ['colcon_pkg']
[0.370s] Level 1:colcon.colcon_core.package_identification:_identify(src/metafly_tf_pub) by extension 'colcon_pkg'
[0.370s] Level 1:colcon.colcon_core.package_identification:_identify(src/metafly_tf_pub) by extensions ['colcon_meta']
[0.370s] Level 1:colcon.colcon_core.package_identification:_identify(src/metafly_tf_pub) by extension 'colcon_meta'
[0.370s] Level 1:colcon.colcon_core.package_identification:_identify(src/metafly_tf_pub) by extensions ['ros']
[0.370s] Level 1:colcon.colcon_core.package_identification:_identify(src/metafly_tf_pub) by extension 'ros'
[0.371s] DEBUG:colcon.colcon_core.package_identification:Failed to parse potential ROS package manifest in'src/metafly_tf_pub': Error(s) in package 'src/metafly_tf_pub/package.xml':
The manifest contains invalid XML:
mismatched tag: line 17, column 2
[0.371s] Level 1:colcon.colcon_core.package_identification:_identify(src/metafly_tf_pub) by extensions ['cmake', 'python']
[0.371s] Level 1:colcon.colcon_core.package_identification:_identify(src/metafly_tf_pub) by extension 'cmake'
[0.371s] Level 1:colcon.colcon_core.package_identification:_identify(src/metafly_tf_pub) by extension 'python'
[0.371s] Level 1:colcon.colcon_core.package_identification:_identify(src/metafly_tf_pub) by extensions ['python_setup_py']
[0.371s] Level 1:colcon.colcon_core.package_identification:_identify(src/metafly_tf_pub) by extension 'python_setup_py'
[0.675s] DEBUG:colcon.colcon_core.package_identification:Package 'src/metafly_tf_pub' with type 'python' and name 'metafly_tf_pub'
[0.675s] Level 1:colcon.colcon_core.package_discovery:discover_packages(recursive) using defaults
[0.675s] Level 1:colcon.colcon_core.package_discovery:discover_packages(ignore) discover
[0.675s] Level 1:colcon.colcon_core.package_discovery:discover_packages(ignore) using defaults
[0.675s] Level 1:colcon.colcon_core.package_discovery:discover_packages(path) discover
[0.675s] Level 1:colcon.colcon_core.package_discovery:discover_packages(path) using defaults
[0.694s] Level 1:colcon.colcon_core.package_discovery:discover_packages(prefix_path) check parameters
[0.694s] Level 1:colcon.colcon_core.package_discovery:discover_packages(prefix_path) discover
[0.695s] WARNING:colcon.colcon_core.prefix_path.colcon:The path '/home/min/a/khochwal/ece569-fall2025/Lab3_clean/install' in the environment variable COLCON_PREFIX_PATH doesn't exist
[0.695s] WARNING:colcon.colcon_ros.prefix_path.ament:The path '/home/min/a/khochwal/ece569-fall2025/Lab3/ws3/install/metafly_tf_pub' in the environment variable AMENT_PREFIX_PATH doesn't exist
[0.695s] WARNING:colcon.colcon_ros.prefix_path.ament:The path '/home/min/a/khochwal/ece569-fall2025/Lab3/ws3/install/metafly_description' in the environment variable AMENT_PREFIX_PATH doesn't exist
[0.695s] WARNING:colcon.colcon_ros.prefix_path.ament:The path '/home/min/a/khochwal/ece569-fall2025/Lab3_clean/install/metafly_description' in the environment variable AMENT_PREFIX_PATH doesn't exist
[0.697s] WARNING:colcon.colcon_ros.prefix_path.catkin:The path '/home/min/a/khochwal/ece569-fall2025/Lab3_clean/install/metafly_description' in the environment variable CMAKE_PREFIX_PATH doesn't exist
[0.698s] DEBUG:colcon.colcon_installed_package_information.package_discovery:Found 0 installed packages in /home/min/a/khochwal/ece569-fall2025/Lab3/ws3/install
[0.702s] DEBUG:colcon.colcon_installed_package_information.package_discovery:Found 4 installed packages in /home/min/a/khochwal/ece569-fall2025/Lab2/ws2/install
[0.704s] DEBUG:colcon.colcon_installed_package_information.package_discovery:Found 1 installed packages in /home/min/a/khochwal/ece569-fall2025/Lab2/ws2/src/ur3e_on_table/install
[0.707s] DEBUG:colcon.colcon_installed_package_information.package_discovery:Found 1 installed packages in /home/min/a/khochwal/ece569-fall2025/Lab2/ws2/src/table_description/install
[0.708s] DEBUG:colcon.colcon_installed_package_information.package_discovery:Found 358 installed packages in /opt/ros/humble
[0.710s] Level 1:colcon.colcon_core.package_discovery:discover_packages(prefix_path) using defaults
[0.751s] Level 5:colcon.colcon_core.verb:set package 'metafly_description' build argument 'cmake_args' from command line to 'None'
[0.751s] Level 5:colcon.colcon_core.verb:set package 'metafly_description' build argument 'cmake_target' from command line to 'None'
[0.751s] Level 5:colcon.colcon_core.verb:set package 'metafly_description' build argument 'cmake_target_skip_unavailable' from command line to 'False'
[0.751s] Level 5:colcon.colcon_core.verb:set package 'metafly_description' build argument 'cmake_clean_cache' from command line to 'False'
[0.751s] Level 5:colcon.colcon_core.verb:set package 'metafly_description' build argument 'cmake_clean_first' from command line to 'False'
[0.751s] Level 5:colcon.colcon_core.verb:set package 'metafly_description' build argument 'cmake_force_configure' from command line to 'False'
[0.751s] Level 5:colcon.colcon_core.verb:set package 'metafly_description' build argument 'ament_cmake_args' from command line to 'None'
[0.751s] Level 5:colcon.colcon_core.verb:set package 'metafly_description' build argument 'catkin_cmake_args' from command line to 'None'
[0.751s] Level 5:colcon.colcon_core.verb:set package 'metafly_description' build argument 'catkin_skip_building_tests' from command line to 'False'
[0.751s] DEBUG:colcon.colcon_core.verb:Building package 'metafly_description' with the following arguments: {'ament_cmake_args': None, 'build_base': '/home/min/a/khochwal/ece569-fall2025/Lab3/ws3/build/metafly_description', 'catkin_cmake_args': None, 'catkin_skip_building_tests': False, 'cmake_args': None, 'cmake_clean_cache': False, 'cmake_clean_first': False, 'cmake_force_configure': False, 'cmake_target': None, 'cmake_target_skip_unavailable': False, 'install_base': '/home/min/a/khochwal/ece569-fall2025/Lab3/ws3/install', 'merge_install': True, 'path': '/home/min/a/khochwal/ece569-fall2025/Lab3/ws3/src/metafly_description', 'symlink_install': False, 'test_result_base': None}
[0.751s] Level 5:colcon.colcon_core.verb:set package 'metafly_tf_pub' build argument 'cmake_args' from command line to 'None'
[0.751s] Level 5:colcon.colcon_core.verb:set package 'metafly_tf_pub' build argument 'cmake_target' from command line to 'None'
[0.751s] Level 5:colcon.colcon_core.verb:set package 'metafly_tf_pub' build argument 'cmake_target_skip_unavailable' from command line to 'False'
[0.751s] Level 5:colcon.colcon_core.verb:set package 'metafly_tf_pub' build argument 'cmake_clean_cache' from command line to 'False'
[0.751s] Level 5:colcon.colcon_core.verb:set package 'metafly_tf_pub' build argument 'cmake_clean_first' from command line to 'False'
[0.751s] Level 5:colcon.colcon_core.verb:set package 'metafly_tf_pub' build argument 'cmake_force_configure' from command line to 'False'
[0.752s] Level 5:colcon.colcon_core.verb:set package 'metafly_tf_pub' build argument 'ament_cmake_args' from command line to 'None'
[0.752s] Level 5:colcon.colcon_core.verb:set package 'metafly_tf_pub' build argument 'catkin_cmake_args' from command line to 'None'
[0.752s] Level 5:colcon.colcon_core.verb:set package 'metafly_tf_pub' build argument 'catkin_skip_building_tests' from command line to 'False'
[0.752s] DEBUG:colcon.colcon_core.verb:Building package 'metafly_tf_pub' with the following arguments: {'ament_cmake_args': None, 'build_base': '/home/min/a/khochwal/ece569-fall2025/Lab3/ws3/build/metafly_tf_pub', 'catkin_cmake_args': None, 'catkin_skip_building_tests': False, 'cmake_args': None, 'cmake_clean_cache': False, 'cmake_clean_first': False, 'cmake_force_configure': False, 'cmake_target': None, 'cmake_target_skip_unavailable': False, 'install_base': '/home/min/a/khochwal/ece569-fall2025/Lab3/ws3/install', 'merge_install': True, 'path': '/home/min/a/khochwal/ece569-fall2025/Lab3/ws3/src/metafly_tf_pub', 'symlink_install': False, 'test_result_base': None}
[0.752s] INFO:colcon.colcon_core.executor:Executing jobs using 'parallel' executor
[0.753s] DEBUG:colcon.colcon_parallel_executor.executor.parallel:run_until_complete
[0.753s] INFO:colcon.colcon_ros.task.ament_python.build:Building ROS package in '/home/min/a/khochwal/ece569-fall2025/Lab3/ws3/src/metafly_description' with build type 'ament_python'
[0.753s] Level 1:colcon.colcon_core.shell:create_environment_hook('metafly_description', 'ament_prefix_path')
[0.755s] INFO:colcon.colcon_core.plugin_system:Skipping extension 'colcon_core.shell.bat': Not used on non-Windows systems
[0.755s] INFO:colcon.colcon_core.shell:Creating environment hook '/home/min/a/khochwal/ece569-fall2025/Lab3/ws3/install/share/metafly_description/hook/ament_prefix_path.ps1'
[0.759s] INFO:colcon.colcon_core.shell:Creating environment descriptor '/home/min/a/khochwal/ece569-fall2025/Lab3/ws3/install/share/metafly_description/hook/ament_prefix_path.dsv'
[0.760s] INFO:colcon.colcon_core.shell:Creating environment hook '/home/min/a/khochwal/ece569-fall2025/Lab3/ws3/install/share/metafly_description/hook/ament_prefix_path.sh'
[0.761s] INFO:colcon.colcon_core.shell:Skip shell extension 'powershell' for command environment: Not usable outside of PowerShell
[0.761s] DEBUG:colcon.colcon_core.shell:Skip shell extension 'dsv' for command environment
[0.776s] INFO:colcon.colcon_core.task.python.build:Building Python package in '/home/min/a/khochwal/ece569-fall2025/Lab3/ws3/src/metafly_tf_pub'
[0.776s] INFO:colcon.colcon_core.shell:Skip shell extension 'powershell' for command environment: Not usable outside of PowerShell
[0.776s] DEBUG:colcon.colcon_core.shell:Skip shell extension 'dsv' for command environment
[1.098s] INFO:colcon.colcon_core.task.python.build:Building Python package in '/home/min/a/khochwal/ece569-fall2025/Lab3/ws3/src/metafly_description'
[1.098s] INFO:colcon.colcon_core.shell:Skip shell extension 'powershell' for command environment: Not usable outside of PowerShell
[1.098s] DEBUG:colcon.colcon_core.shell:Skip shell extension 'dsv' for command environment
[1.892s] DEBUG:colcon.colcon_core.event_handler.log_command:Invoking command in '/home/min/a/khochwal/ece569-fall2025/Lab3/ws3/src/metafly_tf_pub': PYTHONPATH=/home/min/a/khochwal/ece569-fall2025/Lab3/ws3/build/metafly_tf_pub/prefix_override:/usr/lib/python3/dist-packages/colcon_core/task/python/colcon_distutils_commands:/home/min/a/khochwal/ece569-fall2025/Lab3/ws3/install/lib/python3.10/site-packages:${PYTHONPATH} /usr/bin/python3 -W ignore:setup.py install is deprecated -W ignore:easy_install command is deprecated setup.py egg_info --egg-base ../../build/metafly_tf_pub build --build-base /home/min/a/khochwal/ece569-fall2025/Lab3/ws3/build/metafly_tf_pub/build install --record /home/min/a/khochwal/ece569-fall2025/Lab3/ws3/build/metafly_tf_pub/install.log --single-version-externally-managed install_data
[1.918s] DEBUG:colcon.colcon_core.event_handler.log_command:Invoking command in '/home/min/a/khochwal/ece569-fall2025/Lab3/ws3/src/metafly_description': PYTHONPATH=/home/min/a/khochwal/ece569-fall2025/Lab3/ws3/build/metafly_description/prefix_override:/usr/lib/python3/dist-packages/colcon_core/task/python/colcon_distutils_commands:/home/min/a/khochwal/ece569-fall2025/Lab3/ws3/install/lib/python3.10/site-packages:${PYTHONPATH} /usr/bin/python3 -W ignore:setup.py install is deprecated -W ignore:easy_install command is deprecated setup.py egg_info --egg-base ../../build/metafly_description build --build-base /home/min/a/khochwal/ece569-fall2025/Lab3/ws3/build/metafly_description/build install --record /home/min/a/khochwal/ece569-fall2025/Lab3/ws3/build/metafly_description/install.log --single-version-externally-managed install_data
[2.320s] DEBUG:colcon.colcon_core.event_handler.log_command:Invoked command in '/home/min/a/khochwal/ece569-fall2025/Lab3/ws3/src/metafly_tf_pub' returned '0': PYTHONPATH=/home/min/a/khochwal/ece569-fall2025/Lab3/ws3/build/metafly_tf_pub/prefix_override:/usr/lib/python3/dist-packages/colcon_core/task/python/colcon_distutils_commands:/home/min/a/khochwal/ece569-fall2025/Lab3/ws3/install/lib/python3.10/site-packages:${PYTHONPATH} /usr/bin/python3 -W ignore:setup.py install is deprecated -W ignore:easy_install command is deprecated setup.py egg_info --egg-base ../../build/metafly_tf_pub build --build-base /home/min/a/khochwal/ece569-fall2025/Lab3/ws3/build/metafly_tf_pub/build install --record /home/min/a/khochwal/ece569-fall2025/Lab3/ws3/build/metafly_tf_pub/install.log --single-version-externally-managed install_data
[2.322s] Level 1:colcon.colcon_core.environment:checking '/home/min/a/khochwal/ece569-fall2025/Lab3/ws3/install' for CMake module files
[2.324s] Level 1:colcon.colcon_core.environment:checking '/home/min/a/khochwal/ece569-fall2025/Lab3/ws3/install' for CMake config files
[2.332s] Level 1:colcon.colcon_core.environment:checking '/home/min/a/khochwal/ece569-fall2025/Lab3/ws3/install/lib'
[2.332s] Level 1:colcon.colcon_core.environment:checking '/home/min/a/khochwal/ece569-fall2025/Lab3/ws3/install/bin'
[2.333s] Level 1:colcon.colcon_core.shell:create_environment_hook('metafly_tf_pub', 'path')
[2.333s] INFO:colcon.colcon_core.shell:Creating environment hook '/home/min/a/khochwal/ece569-fall2025/Lab3/ws3/install/share/metafly_tf_pub/hook/path.ps1'
[2.335s] INFO:colcon.colcon_core.shell:Creating environment descriptor '/home/min/a/khochwal/ece569-fall2025/Lab3/ws3/install/share/metafly_tf_pub/hook/path.dsv'
[2.336s] INFO:colcon.colcon_core.shell:Creating environment hook '/home/min/a/khochwal/ece569-fall2025/Lab3/ws3/install/share/metafly_tf_pub/hook/path.sh'
[2.338s] Level 1:colcon.colcon_core.environment:checking '/home/min/a/khochwal/ece569-fall2025/Lab3/ws3/install/lib/pkgconfig/metafly_tf_pub.pc'
[2.338s] Level 1:colcon.colcon_core.environment:checking '/home/min/a/khochwal/ece569-fall2025/Lab3/ws3/install/lib/python3.10/site-packages'
[2.338s] Level 1:colcon.colcon_core.shell:create_environment_hook('metafly_tf_pub', 'pythonpath')
[2.338s] INFO:colcon.colcon_core.shell:Creating environment hook '/home/min/a/khochwal/ece569-fall2025/Lab3/ws3/install/share/metafly_tf_pub/hook/pythonpath.ps1'
[2.341s] INFO:colcon.colcon_core.shell:Creating environment descriptor '/home/min/a/khochwal/ece569-fall2025/Lab3/ws3/install/share/metafly_tf_pub/hook/pythonpath.dsv'
[2.344s] INFO:colcon.colcon_core.shell:Creating environment hook '/home/min/a/khochwal/ece569-fall2025/Lab3/ws3/install/share/metafly_tf_pub/hook/pythonpath.sh'
[2.346s] Level 1:colcon.colcon_core.environment:checking '/home/min/a/khochwal/ece569-fall2025/Lab3/ws3/install/bin'
[2.347s] Level 1:colcon.colcon_core.shell:create_environment_hook('metafly_tf_pub', 'pythonscriptspath')
[2.347s] INFO:colcon.colcon_core.shell:Creating environment hook '/home/min/a/khochwal/ece569-fall2025/Lab3/ws3/install/share/metafly_tf_pub/hook/pythonscriptspath.ps1'
[2.349s] INFO:colcon.colcon_core.shell:Creating environment descriptor '/home/min/a/khochwal/ece569-fall2025/Lab3/ws3/install/share/metafly_tf_pub/hook/pythonscriptspath.dsv'
[2.352s] INFO:colcon.colcon_core.shell:Creating environment hook '/home/min/a/khochwal/ece569-fall2025/Lab3/ws3/install/share/metafly_tf_pub/hook/pythonscriptspath.sh'
[2.354s] Level 1:colcon.colcon_core.environment:create_environment_scripts_only(metafly_tf_pub)
[2.355s] INFO:colcon.colcon_core.shell:Creating package script '/home/min/a/khochwal/ece569-fall2025/Lab3/ws3/install/share/metafly_tf_pub/package.ps1'
[2.358s] INFO:colcon.colcon_core.shell:Creating package descriptor '/home/min/a/khochwal/ece569-fall2025/Lab3/ws3/install/share/metafly_tf_pub/package.dsv'
[2.361s] INFO:colcon.colcon_core.shell:Creating package script '/home/min/a/khochwal/ece569-fall2025/Lab3/ws3/install/share/metafly_tf_pub/package.sh'
[2.365s] INFO:colcon.colcon_core.shell:Creating package script '/home/min/a/khochwal/ece569-fall2025/Lab3/ws3/install/share/metafly_tf_pub/package.bash'
[2.368s] INFO:colcon.colcon_core.shell:Creating package script '/home/min/a/khochwal/ece569-fall2025/Lab3/ws3/install/share/metafly_tf_pub/package.zsh'
[2.371s] Level 1:colcon.colcon_core.environment:create_file_with_runtime_dependencies(/home/min/a/khochwal/ece569-fall2025/Lab3/ws3/install/share/colcon-core/packages/metafly_tf_pub)
[2.376s] Level 1:colcon.colcon_core.environment:checking '/home/min/a/khochwal/ece569-fall2025/Lab3/ws3/install' for CMake module files
[2.377s] Level 1:colcon.colcon_core.environment:checking '/home/min/a/khochwal/ece569-fall2025/Lab3/ws3/install' for CMake config files
[2.381s] DEBUG:colcon.colcon_core.event_handler.log_command:Invoked command in '/home/min/a/khochwal/ece569-fall2025/Lab3/ws3/src/metafly_description' returned '0': PYTHONPATH=/home/min/a/khochwal/ece569-fall2025/Lab3/ws3/build/metafly_description/prefix_override:/usr/lib/python3/dist-packages/colcon_core/task/python/colcon_distutils_commands:/home/min/a/khochwal/ece569-fall2025/Lab3/ws3/install/lib/python3.10/site-packages:${PYTHONPATH} /usr/bin/python3 -W ignore:setup.py install is deprecated -W ignore:easy_install command is deprecated setup.py egg_info --egg-base ../../build/metafly_description build --build-base /home/min/a/khochwal/ece569-fall2025/Lab3/ws3/build/metafly_description/build install --record /home/min/a/khochwal/ece569-fall2025/Lab3/ws3/build/metafly_description/install.log --single-version-externally-managed install_data
[2.383s] Level 1:colcon.colcon_core.environment:checking '/home/min/a/khochwal/ece569-fall2025/Lab3/ws3/install/lib'
[2.384s] Level 1:colcon.colcon_core.environment:checking '/home/min/a/khochwal/ece569-fall2025/Lab3/ws3/install/bin'
[2.384s] Level 1:colcon.colcon_core.shell:create_environment_hook('metafly_description', 'path')
[2.384s] INFO:colcon.colcon_core.shell:Creating environment hook '/home/min/a/khochwal/ece569-fall2025/Lab3/ws3/install/share/metafly_description/hook/path.ps1'
[2.385s] INFO:colcon.colcon_core.shell:Creating environment descriptor '/home/min/a/khochwal/ece569-fall2025/Lab3/ws3/install/share/metafly_description/hook/path.dsv'
[2.387s] INFO:colcon.colcon_core.shell:Creating environment hook '/home/min/a/khochwal/ece569-fall2025/Lab3/ws3/install/share/metafly_description/hook/path.sh'
[2.388s] Level 1:colcon.colcon_core.environment:checking '/home/min/a/khochwal/ece569-fall2025/Lab3/ws3/install/lib/pkgconfig/metafly_description.pc'
[2.388s] Level 1:colcon.colcon_core.environment:checking '/home/min/a/khochwal/ece569-fall2025/Lab3/ws3/install/lib/python3.10/site-packages'
[2.388s] Level 1:colcon.colcon_core.shell:create_environment_hook('metafly_description', 'pythonpath')
[2.388s] INFO:colcon.colcon_core.shell:Creating environment hook '/home/min/a/khochwal/ece569-fall2025/Lab3/ws3/install/share/metafly_description/hook/pythonpath.ps1'
[2.389s] INFO:colcon.colcon_core.shell:Creating environment descriptor '/home/min/a/khochwal/ece569-fall2025/Lab3/ws3/install/share/metafly_description/hook/pythonpath.dsv'
[2.390s] INFO:colcon.colcon_core.shell:Creating environment hook '/home/min/a/khochwal/ece569-fall2025/Lab3/ws3/install/share/metafly_description/hook/pythonpath.sh'
[2.392s] Level 1:colcon.colcon_core.environment:checking '/home/min/a/khochwal/ece569-fall2025/Lab3/ws3/install/bin'
[2.392s] Level 1:colcon.colcon_core.shell:create_environment_hook('metafly_description', 'pythonscriptspath')
[2.392s] INFO:colcon.colcon_core.shell:Creating environment hook '/home/min/a/khochwal/ece569-fall2025/Lab3/ws3/install/share/metafly_description/hook/pythonscriptspath.ps1'
[2.393s] INFO:colcon.colcon_core.shell:Creating environment descriptor '/home/min/a/khochwal/ece569-fall2025/Lab3/ws3/install/share/metafly_description/hook/pythonscriptspath.dsv'
[2.394s] INFO:colcon.colcon_core.shell:Creating environment hook '/home/min/a/khochwal/ece569-fall2025/Lab3/ws3/install/share/metafly_description/hook/pythonscriptspath.sh'
[2.395s] Level 1:colcon.colcon_core.environment:create_environment_scripts_only(metafly_description)
[2.396s] INFO:colcon.colcon_core.shell:Creating package script '/home/min/a/khochwal/ece569-fall2025/Lab3/ws3/install/share/metafly_description/package.ps1'
[2.397s] INFO:colcon.colcon_core.shell:Creating package descriptor '/home/min/a/khochwal/ece569-fall2025/Lab3/ws3/install/share/metafly_description/package.dsv'
[2.398s] INFO:colcon.colcon_core.shell:Creating package script '/home/min/a/khochwal/ece569-fall2025/Lab3/ws3/install/share/metafly_description/package.sh'
[2.399s] INFO:colcon.colcon_core.shell:Creating package script '/home/min/a/khochwal/ece569-fall2025/Lab3/ws3/install/share/metafly_description/package.bash'
[2.400s] INFO:colcon.colcon_core.shell:Creating package script '/home/min/a/khochwal/ece569-fall2025/Lab3/ws3/install/share/metafly_description/package.zsh'
[2.401s] Level 1:colcon.colcon_core.environment:create_file_with_runtime_dependencies(/home/min/a/khochwal/ece569-fall2025/Lab3/ws3/install/share/colcon-core/packages/metafly_description)
[2.402s] DEBUG:colcon.colcon_parallel_executor.executor.parallel:closing loop
[2.403s] DEBUG:colcon.colcon_parallel_executor.executor.parallel:loop closed
[2.403s] DEBUG:colcon.colcon_parallel_executor.executor.parallel:run_until_complete finished with '0'
[2.403s] DEBUG:colcon.colcon_core.event_reactor:joining thread
[2.419s] INFO:colcon.colcon_core.plugin_system:Skipping extension 'colcon_notification.desktop_notification.terminal_notifier': Not used on non-Darwin systems
[2.419s] INFO:colcon.colcon_core.plugin_system:Skipping extension 'colcon_notification.desktop_notification.win32': Not used on non-Windows systems
[2.419s] INFO:colcon.colcon_notification.desktop_notification:Sending desktop notification using 'notify2'
[2.425s] DEBUG:colcon.colcon_core.event_reactor:joined thread
[2.425s] INFO:colcon.colcon_core.shell:Creating prefix script '/home/min/a/khochwal/ece569-fall2025/Lab3/ws3/install/local_setup.ps1'
[2.429s] INFO:colcon.colcon_core.shell:Creating prefix util module '/home/min/a/khochwal/ece569-fall2025/Lab3/ws3/install/_local_setup_util_ps1.py'
[2.433s] INFO:colcon.colcon_core.shell:Creating prefix chain script '/home/min/a/khochwal/ece569-fall2025/Lab3/ws3/install/setup.ps1'
[2.439s] INFO:colcon.colcon_core.shell:Creating prefix script '/home/min/a/khochwal/ece569-fall2025/Lab3/ws3/install/local_setup.sh'
[2.442s] INFO:colcon.colcon_core.shell:Creating prefix util module '/home/min/a/khochwal/ece569-fall2025/Lab3/ws3/install/_local_setup_util_sh.py'
[2.446s] INFO:colcon.colcon_core.shell:Creating prefix chain script '/home/min/a/khochwal/ece569-fall2025/Lab3/ws3/install/setup.sh'
[2.451s] INFO:colcon.colcon_core.shell:Creating prefix script '/home/min/a/khochwal/ece569-fall2025/Lab3/ws3/install/local_setup.bash'
[2.452s] INFO:colcon.colcon_core.shell:Creating prefix chain script '/home/min/a/khochwal/ece569-fall2025/Lab3/ws3/install/setup.bash'
[2.456s] INFO:colcon.colcon_core.shell:Creating prefix script '/home/min/a/khochwal/ece569-fall2025/Lab3/ws3/install/local_setup.zsh'
[2.457s] INFO:colcon.colcon_core.shell:Creating prefix chain script '/home/min/a/khochwal/ece569-fall2025/Lab3/ws3/install/setup.zsh'
